      0.000E+00   1.000000E+00
      1.000E-02   1.857478E+00
      2.000E-02   1.992465E+00
      3.000E-02   2.019226E+00
      4.000E-02   2.029742E+00
      5.000E-02   2.037784E+00
      6.000E-02   2.045417E+00
      7.000E-02   2.052951E+00
      8.000E-02   2.060432E+00
      9.000E-02   2.067870E+00
      1.000E-01   2.075267E+00
      1.100E-01   2.082623E+00
      1.200E-01   2.089941E+00
      1.300E-01   2.097220E+00
      1.400E-01   2.104462E+00
      1.500E-01   2.111669E+00
      1.600E-01   2.118841E+00
      1.700E-01   2.125978E+00
      1.800E-01   2.133083E+00
      1.900E-01   2.140156E+00
      2.000E-01   2.147198E+00
      2.100E-01   2.154210E+00
      2.200E-01   2.161192E+00
      2.300E-01   2.168146E+00
      2.400E-01   2.175072E+00
      2.500E-01   2.181971E+00
      2.600E-01   2.188844E+00
      2.700E-01   2.195692E+00
      2.800E-01   2.202515E+00
      2.900E-01   2.209314E+00
      3.000E-01   2.216090E+00
      3.100E-01   2.222843E+00
      3.200E-01   2.229574E+00
      3.300E-01   2.236284E+00
      3.400E-01   2.242973E+00
      3.500E-01   2.249643E+00
      3.600E-01   2.256292E+00
      3.700E-01   2.262923E+00
      3.800E-01   2.269535E+00
      3.900E-01   2.276130E+00
      4.000E-01   2.282707E+00
      4.100E-01   2.289268E+00
      4.200E-01   2.295813E+00
      4.300E-01   2.302341E+00
      4.400E-01   2.308855E+00
      4.500E-01   2.315353E+00
      4.600E-01   2.321837E+00
      4.700E-01   2.328308E+00
      4.800E-01   2.334765E+00
      4.900E-01   2.341208E+00
      5.000E-01   2.347640E+00
      5.100E-01   2.354059E+00
      5.200E-01   2.360466E+00
      5.300E-01   2.366862E+00
      5.400E-01   2.373246E+00
      5.500E-01   2.379620E+00
      5.600E-01   2.385984E+00
      5.700E-01   2.392338E+00
      5.800E-01   2.398682E+00
      5.900E-01   2.405016E+00
      6.000E-01   2.411342E+00
      6.100E-01   2.417659E+00
      6.200E-01   2.423968E+00
      6.300E-01   2.430268E+00
      6.400E-01   2.436561E+00
      6.500E-01   2.442846E+00
      6.600E-01   2.449125E+00
      6.700E-01   2.455396E+00
      6.800E-01   2.461660E+00
      6.900E-01   2.467919E+00
      7.000E-01   2.474171E+00
      7.100E-01   2.480417E+00
      7.200E-01   2.486657E+00
      7.300E-01   2.492893E+00
      7.400E-01   2.499123E+00
      7.500E-01   2.505348E+00
      7.600E-01   2.511568E+00
      7.700E-01   2.517784E+00
      7.800E-01   2.523996E+00
      7.900E-01   2.530203E+00
      8.000E-01   2.536407E+00
      8.100E-01   2.542607E+00
      8.200E-01   2.548804E+00
      8.300E-01   2.554997E+00
      8.400E-01   2.561187E+00
      8.500E-01   2.567375E+00
      8.600E-01   2.573559E+00
      8.700E-01   2.579742E+00
      8.800E-01   2.585921E+00
      8.900E-01   2.592099E+00
      9.000E-01   2.598275E+00
      9.100E-01   2.604449E+00
      9.200E-01   2.610621E+00
      9.300E-01   2.616791E+00
      9.400E-01   2.622961E+00
      9.500E-01   2.629129E+00
      9.600E-01   2.635296E+00
      9.700E-01   2.641462E+00
      9.800E-01   2.647627E+00
      9.900E-01   2.653792E+00
      1.000E+00   2.659956E+00
      1.010E+00   2.666119E+00
      1.020E+00   2.672283E+00
      1.030E+00   2.678446E+00
      1.040E+00   2.684610E+00
      1.050E+00   2.690773E+00
      1.060E+00   2.696937E+00
      1.070E+00   2.703101E+00
      1.080E+00   2.709266E+00
      1.090E+00   2.715431E+00
      1.100E+00   2.721598E+00
      1.110E+00   2.727764E+00
      1.120E+00   2.733932E+00
      1.130E+00   2.740101E+00
      1.140E+00   2.746272E+00
      1.150E+00   2.752443E+00
      1.160E+00   2.758616E+00
      1.170E+00   2.764790E+00
      1.180E+00   2.770966E+00
      1.190E+00   2.777144E+00
      1.200E+00   2.783323E+00
      1.210E+00   2.789504E+00
      1.220E+00   2.795688E+00
      1.230E+00   2.801873E+00
      1.240E+00   2.808060E+00
      1.250E+00   2.814250E+00
      1.260E+00   2.820442E+00
      1.270E+00   2.826637E+00
      1.280E+00   2.832834E+00
      1.290E+00   2.839033E+00
      1.300E+00   2.845236E+00
      1.310E+00   2.851441E+00
      1.320E+00   2.857648E+00
      1.330E+00   2.863859E+00
      1.340E+00   2.870073E+00
      1.350E+00   2.876290E+00
      1.360E+00   2.882510E+00
      1.370E+00   2.888733E+00
      1.380E+00   2.894959E+00
      1.390E+00   2.901189E+00
      1.400E+00   2.907422E+00
      1.410E+00   2.913659E+00
      1.420E+00   2.919900E+00
      1.430E+00   2.926144E+00
      1.440E+00   2.932391E+00
      1.450E+00   2.938643E+00
      1.460E+00   2.944898E+00
      1.470E+00   2.951158E+00
      1.480E+00   2.957421E+00
      1.490E+00   2.963688E+00
      1.500E+00   2.969960E+00
      1.510E+00   2.976235E+00
      1.520E+00   2.982515E+00
      1.530E+00   2.988799E+00
      1.540E+00   2.995088E+00
      1.550E+00   3.001380E+00
      1.560E+00   3.007678E+00
      1.570E+00   3.013980E+00
      1.580E+00   3.020286E+00
      1.590E+00   3.026597E+00
      1.600E+00   3.032913E+00
      1.610E+00   3.039234E+00
      1.620E+00   3.045559E+00
      1.630E+00   3.051889E+00
      1.640E+00   3.058224E+00
      1.650E+00   3.064564E+00
      1.660E+00   3.070909E+00
      1.670E+00   3.077260E+00
      1.680E+00   3.083615E+00
      1.690E+00   3.089975E+00
      1.700E+00   3.096341E+00
      1.710E+00   3.102712E+00
      1.720E+00   3.109088E+00
      1.730E+00   3.115470E+00
      1.740E+00   3.121857E+00
      1.750E+00   3.128250E+00
      1.760E+00   3.134648E+00
      1.770E+00   3.141051E+00
      1.780E+00   3.147461E+00
      1.790E+00   3.153876E+00
      1.800E+00   3.160296E+00
      1.810E+00   3.166723E+00
      1.820E+00   3.173155E+00
      1.830E+00   3.179593E+00
      1.840E+00   3.186037E+00
      1.850E+00   3.192486E+00
      1.860E+00   3.198942E+00
      1.870E+00   3.205404E+00
      1.880E+00   3.211872E+00
      1.890E+00   3.218346E+00
      1.900E+00   3.224826E+00
      1.910E+00   3.231312E+00
      1.920E+00   3.237804E+00
      1.930E+00   3.244303E+00
      1.940E+00   3.250808E+00
      1.950E+00   3.257319E+00
      1.960E+00   3.263837E+00
      1.970E+00   3.270361E+00
      1.980E+00   3.276892E+00
      1.990E+00   3.283429E+00
      2.000E+00   3.289972E+00
      2.010E+00   3.296522E+00
      2.020E+00   3.303079E+00
      2.030E+00   3.309643E+00
      2.040E+00   3.316213E+00
      2.050E+00   3.322790E+00
      2.060E+00   3.329373E+00
      2.070E+00   3.335964E+00
      2.080E+00   3.342561E+00
      2.090E+00   3.349165E+00
      2.100E+00   3.355776E+00
      2.110E+00   3.362394E+00
      2.120E+00   3.369019E+00
      2.130E+00   3.375651E+00
      2.140E+00   3.382290E+00
      2.150E+00   3.388936E+00
      2.160E+00   3.395589E+00
      2.170E+00   3.402249E+00
      2.180E+00   3.408917E+00
      2.190E+00   3.415592E+00
      2.200E+00   3.422274E+00
      2.210E+00   3.428963E+00
      2.220E+00   3.435659E+00
      2.230E+00   3.442363E+00
      2.240E+00   3.449075E+00
      2.250E+00   3.455793E+00
      2.260E+00   3.462520E+00
      2.270E+00   3.469253E+00
      2.280E+00   3.475994E+00
      2.290E+00   3.482743E+00
      2.300E+00   3.489500E+00
      2.310E+00   3.496263E+00
      2.320E+00   3.503035E+00
      2.330E+00   3.509814E+00
      2.340E+00   3.516601E+00
      2.350E+00   3.523396E+00
      2.360E+00   3.530198E+00
      2.370E+00   3.537009E+00
      2.380E+00   3.543827E+00
      2.390E+00   3.550653E+00
      2.400E+00   3.557486E+00
      2.410E+00   3.564328E+00
      2.420E+00   3.571178E+00
      2.430E+00   3.578035E+00
      2.440E+00   3.584901E+00
      2.450E+00   3.591775E+00
      2.460E+00   3.598656E+00
      2.470E+00   3.605546E+00
      2.480E+00   3.612444E+00
      2.490E+00   3.619350E+00
      2.500E+00   3.626265E+00
      2.510E+00   3.633187E+00
      2.520E+00   3.640118E+00
      2.530E+00   3.647057E+00
      2.540E+00   3.654004E+00
      2.550E+00   3.660960E+00
      2.560E+00   3.667924E+00
      2.570E+00   3.674896E+00
      2.580E+00   3.681877E+00
      2.590E+00   3.688866E+00
      2.600E+00   3.695864E+00
      2.610E+00   3.702870E+00
      2.620E+00   3.709885E+00
      2.630E+00   3.716908E+00
      2.640E+00   3.723940E+00
      2.650E+00   3.730980E+00
      2.660E+00   3.738029E+00
      2.670E+00   3.745087E+00
      2.680E+00   3.752153E+00
      2.690E+00   3.759228E+00
      2.700E+00   3.766312E+00
      2.710E+00   3.773405E+00
      2.720E+00   3.780506E+00
      2.730E+00   3.787616E+00
      2.740E+00   3.794735E+00
      2.750E+00   3.801863E+00
      2.760E+00   3.809000E+00
      2.770E+00   3.816146E+00
      2.780E+00   3.823300E+00
      2.790E+00   3.830464E+00
      2.800E+00   3.837637E+00
      2.810E+00   3.844818E+00
      2.820E+00   3.852009E+00
      2.830E+00   3.859209E+00
      2.840E+00   3.866417E+00
      2.850E+00   3.873635E+00
      2.860E+00   3.880863E+00
      2.870E+00   3.888099E+00
      2.880E+00   3.895344E+00
      2.890E+00   3.902599E+00
      2.900E+00   3.909863E+00
      2.910E+00   3.917136E+00
      2.920E+00   3.924419E+00
      2.930E+00   3.931711E+00
      2.940E+00   3.939012E+00
      2.950E+00   3.946322E+00
      2.960E+00   3.953642E+00
      2.970E+00   3.960972E+00
      2.980E+00   3.968311E+00
      2.990E+00   3.975659E+00
      3.000E+00   3.983017E+00
      3.010E+00   3.990384E+00
      3.020E+00   3.997761E+00
      3.030E+00   4.005148E+00
      3.040E+00   4.012544E+00
      3.050E+00   4.019950E+00
      3.060E+00   4.027365E+00
      3.070E+00   4.034790E+00
      3.080E+00   4.042225E+00
      3.090E+00   4.049669E+00
      3.100E+00   4.057123E+00
      3.110E+00   4.064587E+00
      3.120E+00   4.072061E+00
      3.130E+00   4.079545E+00
      3.140E+00   4.087038E+00
      3.150E+00   4.094541E+00
      3.160E+00   4.102054E+00
      3.170E+00   4.109577E+00
      3.180E+00   4.117110E+00
      3.190E+00   4.124653E+00
      3.200E+00   4.132206E+00
      3.210E+00   4.139769E+00
      3.220E+00   4.147342E+00
      3.230E+00   4.154925E+00
      3.240E+00   4.162518E+00
      3.250E+00   4.170121E+00
      3.260E+00   4.177734E+00
      3.270E+00   4.185358E+00
      3.280E+00   4.192991E+00
      3.290E+00   4.200635E+00
      3.300E+00   4.208289E+00
      3.310E+00   4.215953E+00
      3.320E+00   4.223628E+00
      3.330E+00   4.231313E+00
      3.340E+00   4.239008E+00
      3.350E+00   4.246713E+00
      3.360E+00   4.254429E+00
      3.370E+00   4.262155E+00
      3.380E+00   4.269892E+00
      3.390E+00   4.277639E+00
      3.400E+00   4.285396E+00
      3.410E+00   4.293164E+00
      3.420E+00   4.300942E+00
      3.430E+00   4.308731E+00
      3.440E+00   4.316530E+00
      3.450E+00   4.324340E+00
      3.460E+00   4.332161E+00
      3.470E+00   4.339992E+00
      3.480E+00   4.347834E+00
      3.490E+00   4.355686E+00
      3.500E+00   4.363549E+00
      3.510E+00   4.371423E+00
      3.520E+00   4.379308E+00
      3.530E+00   4.387203E+00
      3.540E+00   4.395109E+00
      3.550E+00   4.403026E+00
      3.560E+00   4.410953E+00
      3.570E+00   4.418892E+00
      3.580E+00   4.426841E+00
      3.590E+00   4.434801E+00
      3.600E+00   4.442773E+00
      3.610E+00   4.450755E+00
      3.620E+00   4.458747E+00
      3.630E+00   4.466751E+00
      3.640E+00   4.474766E+00
      3.650E+00   4.482792E+00
      3.660E+00   4.490829E+00
      3.670E+00   4.498877E+00
      3.680E+00   4.506936E+00
      3.690E+00   4.515007E+00
      3.700E+00   4.523088E+00
      3.710E+00   4.531180E+00
      3.720E+00   4.539284E+00
      3.730E+00   4.547399E+00
      3.740E+00   4.555525E+00
      3.750E+00   4.563662E+00
      3.760E+00   4.571811E+00
      3.770E+00   4.579971E+00
      3.780E+00   4.588142E+00
      3.790E+00   4.596324E+00
      3.800E+00   4.604518E+00
      3.810E+00   4.612723E+00
      3.820E+00   4.620940E+00
      3.830E+00   4.629168E+00
      3.840E+00   4.637407E+00
      3.850E+00   4.645658E+00
      3.860E+00   4.653921E+00
      3.870E+00   4.662195E+00
      3.880E+00   4.670480E+00
      3.890E+00   4.678777E+00
      3.900E+00   4.687086E+00
      3.910E+00   4.695406E+00
      3.920E+00   4.703738E+00
      3.930E+00   4.712081E+00
      3.940E+00   4.720436E+00
      3.950E+00   4.728803E+00
      3.960E+00   4.737181E+00
      3.970E+00   4.745572E+00
      3.980E+00   4.753974E+00
      3.990E+00   4.762387E+00
      4.000E+00   4.770813E+00
      4.010E+00   4.779250E+00
      4.020E+00   4.787700E+00
      4.030E+00   4.796161E+00
      4.040E+00   4.804634E+00
      4.050E+00   4.813118E+00
      4.060E+00   4.821615E+00
      4.070E+00   4.830124E+00
      4.080E+00   4.838645E+00
      4.090E+00   4.847178E+00
      4.100E+00   4.855722E+00
      4.110E+00   4.864279E+00
      4.120E+00   4.872848E+00
      4.130E+00   4.881429E+00
      4.140E+00   4.890022E+00
      4.150E+00   4.898627E+00
      4.160E+00   4.907245E+00
      4.170E+00   4.915874E+00
      4.180E+00   4.924516E+00
      4.190E+00   4.933170E+00
      4.200E+00   4.941836E+00
      4.210E+00   4.950515E+00
      4.220E+00   4.959206E+00
      4.230E+00   4.967909E+00
      4.240E+00   4.976624E+00
      4.250E+00   4.985352E+00
      4.260E+00   4.994092E+00
      4.270E+00   5.002845E+00
      4.280E+00   5.011610E+00
      4.290E+00   5.020387E+00
      4.300E+00   5.029177E+00
      4.310E+00   5.037980E+00
      4.320E+00   5.046795E+00
      4.330E+00   5.055622E+00
      4.340E+00   5.064463E+00
      4.350E+00   5.073315E+00
      4.360E+00   5.082181E+00
      4.370E+00   5.091058E+00
      4.380E+00   5.099949E+00
      4.390E+00   5.108852E+00
      4.400E+00   5.117768E+00
      4.410E+00   5.126697E+00
      4.420E+00   5.135638E+00
      4.430E+00   5.144593E+00
      4.440E+00   5.153560E+00
      4.450E+00   5.162539E+00
      4.460E+00   5.171532E+00
      4.470E+00   5.180538E+00
      4.480E+00   5.189556E+00
      4.490E+00   5.198587E+00
      4.500E+00   5.207632E+00
      4.510E+00   5.216689E+00
      4.520E+00   5.225759E+00
      4.530E+00   5.234842E+00
      4.540E+00   5.243938E+00
      4.550E+00   5.253047E+00
      4.560E+00   5.262170E+00
      4.570E+00   5.271305E+00
      4.580E+00   5.280454E+00
      4.590E+00   5.289615E+00
      4.600E+00   5.298790E+00
      4.610E+00   5.307978E+00
      4.620E+00   5.317179E+00
      4.630E+00   5.326394E+00
      4.640E+00   5.335621E+00
      4.650E+00   5.344862E+00
      4.660E+00   5.354116E+00
      4.670E+00   5.363384E+00
      4.680E+00   5.372665E+00
      4.690E+00   5.381959E+00
      4.700E+00   5.391267E+00
      4.710E+00   5.400588E+00
      4.720E+00   5.409922E+00
      4.730E+00   5.419270E+00
      4.740E+00   5.428632E+00
      4.750E+00   5.438007E+00
      4.760E+00   5.447395E+00
      4.770E+00   5.456797E+00
      4.780E+00   5.466213E+00
      4.790E+00   5.475642E+00
      4.800E+00   5.485085E+00
      4.810E+00   5.494542E+00
      4.820E+00   5.504012E+00
      4.830E+00   5.513496E+00
      4.840E+00   5.522993E+00
      4.850E+00   5.532505E+00
      4.860E+00   5.542030E+00
      4.870E+00   5.551569E+00
      4.880E+00   5.561121E+00
      4.890E+00   5.570688E+00
      4.900E+00   5.580268E+00
      4.910E+00   5.589863E+00
      4.920E+00   5.599471E+00
      4.930E+00   5.609093E+00
      4.940E+00   5.618729E+00
      4.950E+00   5.628379E+00
      4.960E+00   5.638043E+00
      4.970E+00   5.647721E+00
      4.980E+00   5.657414E+00
      4.990E+00   5.667120E+00
      5.000E+00   5.676840E+00
      5.010E+00   5.686575E+00
      5.020E+00   5.696323E+00
      5.030E+00   5.706086E+00
      5.040E+00   5.715863E+00
      5.050E+00   5.725654E+00
      5.060E+00   5.735460E+00
      5.070E+00   5.745279E+00
      5.080E+00   5.755113E+00
      5.090E+00   5.764961E+00
      5.100E+00   5.774824E+00
      5.110E+00   5.784701E+00
      5.120E+00   5.794593E+00
      5.130E+00   5.804498E+00
      5.140E+00   5.814419E+00
      5.150E+00   5.824353E+00
      5.160E+00   5.834303E+00
      5.170E+00   5.844266E+00
      5.180E+00   5.854244E+00
      5.190E+00   5.864237E+00
      5.200E+00   5.874245E+00
      5.210E+00   5.884267E+00
      5.220E+00   5.894303E+00
      5.230E+00   5.904355E+00
      5.240E+00   5.914421E+00
      5.250E+00   5.924501E+00
      5.260E+00   5.934597E+00
      5.270E+00   5.944707E+00
      5.280E+00   5.954832E+00
      5.290E+00   5.964971E+00
      5.300E+00   5.975126E+00
      5.310E+00   5.985295E+00
      5.320E+00   5.995480E+00
      5.330E+00   6.005679E+00
      5.340E+00   6.015893E+00
      5.350E+00   6.026122E+00
      5.360E+00   6.036366E+00
      5.370E+00   6.046625E+00
      5.380E+00   6.056899E+00
      5.390E+00   6.067189E+00
      5.400E+00   6.077493E+00
      5.410E+00   6.087812E+00
      5.420E+00   6.098147E+00
      5.430E+00   6.108496E+00
      5.440E+00   6.118861E+00
      5.450E+00   6.129241E+00
      5.460E+00   6.139636E+00
      5.470E+00   6.150047E+00
      5.480E+00   6.160472E+00
      5.490E+00   6.170914E+00
      5.500E+00   6.181370E+00
      5.510E+00   6.191842E+00
      5.520E+00   6.202329E+00
      5.530E+00   6.212831E+00
      5.540E+00   6.223349E+00
      5.550E+00   6.233883E+00
      5.560E+00   6.244432E+00
      5.570E+00   6.254996E+00
      5.580E+00   6.265576E+00
      5.590E+00   6.276172E+00
      5.600E+00   6.286783E+00
      5.610E+00   6.297409E+00
      5.620E+00   6.308052E+00
      5.630E+00   6.318710E+00
      5.640E+00   6.329384E+00
      5.650E+00   6.340073E+00
      5.660E+00   6.350778E+00
      5.670E+00   6.361499E+00
      5.680E+00   6.372236E+00
      5.690E+00   6.382988E+00
      5.700E+00   6.393757E+00
      5.710E+00   6.404541E+00
      5.720E+00   6.415341E+00
      5.730E+00   6.426157E+00
      5.740E+00   6.436989E+00
      5.750E+00   6.447837E+00
      5.760E+00   6.458701E+00
      5.770E+00   6.469581E+00
      5.780E+00   6.480477E+00
      5.790E+00   6.491389E+00
      5.800E+00   6.502318E+00
      5.810E+00   6.513262E+00
      5.820E+00   6.524223E+00
      5.830E+00   6.535199E+00
      5.840E+00   6.546192E+00
      5.850E+00   6.557202E+00
      5.860E+00   6.568227E+00
      5.870E+00   6.579269E+00
      5.880E+00   6.590327E+00
      5.890E+00   6.601401E+00
      5.900E+00   6.612492E+00
      5.910E+00   6.623599E+00
      5.920E+00   6.634723E+00
      5.930E+00   6.645863E+00
      5.940E+00   6.657019E+00
      5.950E+00   6.668192E+00
      5.960E+00   6.679382E+00
      5.970E+00   6.690588E+00
      5.980E+00   6.701811E+00
      5.990E+00   6.713050E+00
      6.000E+00   6.724306E+00
      6.010E+00   6.735579E+00
      6.020E+00   6.746868E+00
      6.030E+00   6.758174E+00
      6.040E+00   6.769497E+00
      6.050E+00   6.780837E+00
      6.060E+00   6.792193E+00
      6.070E+00   6.803566E+00
      6.080E+00   6.814956E+00
      6.090E+00   6.826363E+00
      6.100E+00   6.837787E+00
      6.110E+00   6.849228E+00
      6.120E+00   6.860686E+00
      6.130E+00   6.872160E+00
      6.140E+00   6.883652E+00
      6.150E+00   6.895161E+00
      6.160E+00   6.906687E+00
      6.170E+00   6.918230E+00
      6.180E+00   6.929790E+00
      6.190E+00   6.941368E+00
      6.200E+00   6.952962E+00
      6.210E+00   6.964574E+00
      6.220E+00   6.976203E+00
      6.230E+00   6.987849E+00
      6.240E+00   6.999513E+00
      6.250E+00   7.011193E+00
      6.260E+00   7.022892E+00
      6.270E+00   7.034607E+00
      6.280E+00   7.046340E+00
      6.290E+00   7.058091E+00
      6.300E+00   7.069859E+00
      6.310E+00   7.081644E+00
      6.320E+00   7.093447E+00
      6.330E+00   7.105268E+00
      6.340E+00   7.117106E+00
      6.350E+00   7.128961E+00
      6.360E+00   7.140835E+00
      6.370E+00   7.152726E+00
      6.380E+00   7.164635E+00
      6.390E+00   7.176561E+00
      6.400E+00   7.188505E+00
      6.410E+00   7.200467E+00
      6.420E+00   7.212447E+00
      6.430E+00   7.224445E+00
      6.440E+00   7.236460E+00
      6.450E+00   7.248493E+00
      6.460E+00   7.260545E+00
      6.470E+00   7.272614E+00
      6.480E+00   7.284701E+00
      6.490E+00   7.296806E+00
      6.500E+00   7.308930E+00
      6.510E+00   7.321071E+00
      6.520E+00   7.333231E+00
      6.530E+00   7.345408E+00
      6.540E+00   7.357604E+00
      6.550E+00   7.369818E+00
      6.560E+00   7.382050E+00
      6.570E+00   7.394301E+00
      6.580E+00   7.406569E+00
      6.590E+00   7.418856E+00
      6.600E+00   7.431162E+00
      6.610E+00   7.443485E+00
      6.620E+00   7.455827E+00
      6.630E+00   7.468188E+00
      6.640E+00   7.480567E+00
      6.650E+00   7.492964E+00
      6.660E+00   7.505380E+00
      6.670E+00   7.517815E+00
      6.680E+00   7.530268E+00
      6.690E+00   7.542739E+00
      6.700E+00   7.555230E+00
      6.710E+00   7.567739E+00
      6.720E+00   7.580266E+00
      6.730E+00   7.592813E+00
      6.740E+00   7.605378E+00
      6.750E+00   7.617962E+00
      6.760E+00   7.630564E+00
      6.770E+00   7.643186E+00
      6.780E+00   7.655826E+00
      6.790E+00   7.668485E+00
      6.800E+00   7.681164E+00
      6.810E+00   7.693861E+00
      6.820E+00   7.706577E+00
      6.830E+00   7.719312E+00
      6.840E+00   7.732067E+00
      6.850E+00   7.744840E+00
      6.860E+00   7.757632E+00
      6.870E+00   7.770444E+00
      6.880E+00   7.783275E+00
      6.890E+00   7.796125E+00
      6.900E+00   7.808994E+00
      6.910E+00   7.821882E+00
      6.920E+00   7.834790E+00
      6.930E+00   7.847717E+00
      6.940E+00   7.860664E+00
      6.950E+00   7.873630E+00
      6.960E+00   7.886615E+00
      6.970E+00   7.899620E+00
      6.980E+00   7.912644E+00
      6.990E+00   7.925688E+00
      7.000E+00   7.938751E+00
      7.010E+00   7.951834E+00
      7.020E+00   7.964936E+00
      7.030E+00   7.978058E+00
      7.040E+00   7.991200E+00
      7.050E+00   8.004362E+00
      7.060E+00   8.017543E+00
      7.070E+00   8.030744E+00
      7.080E+00   8.043965E+00
      7.090E+00   8.057205E+00
      7.100E+00   8.070466E+00
      7.110E+00   8.083746E+00
      7.120E+00   8.097046E+00
      7.130E+00   8.110366E+00
      7.140E+00   8.123707E+00
      7.150E+00   8.137067E+00
      7.160E+00   8.150447E+00
      7.170E+00   8.163848E+00
      7.180E+00   8.177268E+00
      7.190E+00   8.190709E+00
      7.200E+00   8.204169E+00
      7.210E+00   8.217650E+00
      7.220E+00   8.231152E+00
      7.230E+00   8.244673E+00
      7.240E+00   8.258215E+00
      7.250E+00   8.271777E+00
      7.260E+00   8.285360E+00
      7.270E+00   8.298963E+00
      7.280E+00   8.312586E+00
      7.290E+00   8.326230E+00
      7.300E+00   8.339894E+00
      7.310E+00   8.353579E+00
      7.320E+00   8.367285E+00
      7.330E+00   8.381011E+00
      7.340E+00   8.394758E+00
      7.350E+00   8.408525E+00
      7.360E+00   8.422313E+00
      7.370E+00   8.436122E+00
      7.380E+00   8.449951E+00
      7.390E+00   8.463802E+00
      7.400E+00   8.477673E+00
      7.410E+00   8.491565E+00
      7.420E+00   8.505478E+00
      7.430E+00   8.519412E+00
      7.440E+00   8.533367E+00
      7.450E+00   8.547343E+00
      7.460E+00   8.561340E+00
      7.470E+00   8.575357E+00
      7.480E+00   8.589396E+00
      7.490E+00   8.603457E+00
      7.500E+00   8.617538E+00
      7.510E+00   8.631641E+00
      7.520E+00   8.645764E+00
      7.530E+00   8.659909E+00
      7.540E+00   8.674076E+00
      7.550E+00   8.688263E+00
      7.560E+00   8.702472E+00
      7.570E+00   8.716703E+00
      7.580E+00   8.730955E+00
      7.590E+00   8.745228E+00
      7.600E+00   8.759523E+00
      7.610E+00   8.773839E+00
      7.620E+00   8.788177E+00
      7.630E+00   8.802537E+00
      7.640E+00   8.816918E+00
      7.650E+00   8.831321E+00
      7.660E+00   8.845745E+00
      7.670E+00   8.860192E+00
      7.680E+00   8.874660E+00
      7.690E+00   8.889150E+00
      7.700E+00   8.903661E+00
      7.710E+00   8.918195E+00
      7.720E+00   8.932750E+00
      7.730E+00   8.947328E+00
      7.740E+00   8.961927E+00
      7.750E+00   8.976549E+00
      7.760E+00   8.991192E+00
      7.770E+00   9.005858E+00
      7.780E+00   9.020546E+00
      7.790E+00   9.035256E+00
      7.800E+00   9.049988E+00
      7.810E+00   9.064742E+00
      7.820E+00   9.079519E+00
      7.830E+00   9.094318E+00
      7.840E+00   9.109139E+00
      7.850E+00   9.123983E+00
      7.860E+00   9.138849E+00
      7.870E+00   9.153737E+00
      7.880E+00   9.168648E+00
      7.890E+00   9.183581E+00
      7.900E+00   9.198537E+00
      7.910E+00   9.213516E+00
      7.920E+00   9.228517E+00
      7.930E+00   9.243541E+00
      7.940E+00   9.258588E+00
      7.950E+00   9.273657E+00
      7.960E+00   9.288749E+00
      7.970E+00   9.303864E+00
      7.980E+00   9.319001E+00
      7.990E+00   9.334162E+00
      8.000E+00   9.349345E+00
      8.010E+00   9.364552E+00
      8.020E+00   9.379781E+00
      8.030E+00   9.395034E+00
      8.040E+00   9.410309E+00
      8.050E+00   9.425608E+00
      8.060E+00   9.440929E+00
      8.070E+00   9.456274E+00
      8.080E+00   9.471642E+00
      8.090E+00   9.487033E+00
      8.100E+00   9.502448E+00
      8.110E+00   9.517886E+00
      8.120E+00   9.533347E+00
      8.130E+00   9.548831E+00
      8.140E+00   9.564339E+00
      8.150E+00   9.579871E+00
      8.160E+00   9.595426E+00
      8.170E+00   9.611004E+00
      8.180E+00   9.626606E+00
      8.190E+00   9.642232E+00
      8.200E+00   9.657881E+00
      8.210E+00   9.673554E+00
      8.220E+00   9.689251E+00
      8.230E+00   9.704971E+00
      8.240E+00   9.720715E+00
      8.250E+00   9.736483E+00
      8.260E+00   9.752275E+00
      8.270E+00   9.768091E+00
      8.280E+00   9.783931E+00
      8.290E+00   9.799795E+00
      8.300E+00   9.815682E+00
      8.310E+00   9.831594E+00
      8.320E+00   9.847530E+00
      8.330E+00   9.863490E+00
      8.340E+00   9.879474E+00
      8.350E+00   9.895483E+00
      8.360E+00   9.911516E+00
      8.370E+00   9.927573E+00
      8.380E+00   9.943654E+00
      8.390E+00   9.959759E+00
      8.400E+00   9.975889E+00
      8.410E+00   9.992044E+00
      8.420E+00   1.000822E+01
      8.430E+00   1.002443E+01
      8.440E+00   1.004065E+01
      8.450E+00   1.005691E+01
      8.460E+00   1.007318E+01
      8.470E+00   1.008949E+01
      8.480E+00   1.010581E+01
      8.490E+00   1.012216E+01
      8.500E+00   1.013854E+01
      8.510E+00   1.015494E+01
      8.520E+00   1.017137E+01
      8.530E+00   1.018782E+01
      8.540E+00   1.020429E+01
      8.550E+00   1.022079E+01
      8.560E+00   1.023732E+01
      8.570E+00   1.025387E+01
      8.580E+00   1.027045E+01
      8.590E+00   1.028705E+01
      8.600E+00   1.030367E+01
      8.610E+00   1.032033E+01
      8.620E+00   1.033700E+01
      8.630E+00   1.035370E+01
      8.640E+00   1.037043E+01
      8.650E+00   1.038718E+01
      8.660E+00   1.040396E+01
      8.670E+00   1.042077E+01
      8.680E+00   1.043759E+01
      8.690E+00   1.045445E+01
      8.700E+00   1.047133E+01
      8.710E+00   1.048824E+01
      8.720E+00   1.050517E+01
      8.730E+00   1.052212E+01
      8.740E+00   1.053911E+01
      8.750E+00   1.055612E+01
      8.760E+00   1.057315E+01
      8.770E+00   1.059021E+01
      8.780E+00   1.060730E+01
      8.790E+00   1.062441E+01
      8.800E+00   1.064155E+01
      8.810E+00   1.065871E+01
      8.820E+00   1.067590E+01
      8.830E+00   1.069312E+01
      8.840E+00   1.071036E+01
      8.850E+00   1.072763E+01
      8.860E+00   1.074492E+01
      8.870E+00   1.076225E+01
      8.880E+00   1.077959E+01
      8.890E+00   1.079697E+01
      8.900E+00   1.081437E+01
      8.910E+00   1.083179E+01
      8.920E+00   1.084925E+01
      8.930E+00   1.086673E+01
      8.940E+00   1.088423E+01
      8.950E+00   1.090177E+01
      8.960E+00   1.091933E+01
      8.970E+00   1.093691E+01
      8.980E+00   1.095452E+01
      8.990E+00   1.097216E+01
      9.000E+00   1.098983E+01
      9.010E+00   1.100752E+01
      9.020E+00   1.102524E+01
      9.030E+00   1.104299E+01
      9.040E+00   1.106077E+01
      9.050E+00   1.107857E+01
      9.060E+00   1.109640E+01
      9.070E+00   1.111425E+01
      9.080E+00   1.113213E+01
      9.090E+00   1.115004E+01
      9.100E+00   1.116798E+01
      9.110E+00   1.118595E+01
      9.120E+00   1.120394E+01
      9.130E+00   1.122196E+01
      9.140E+00   1.124000E+01
      9.150E+00   1.125808E+01
      9.160E+00   1.127618E+01
      9.170E+00   1.129431E+01
      9.180E+00   1.131246E+01
      9.190E+00   1.133065E+01
      9.200E+00   1.134886E+01
      9.210E+00   1.136710E+01
      9.220E+00   1.138537E+01
      9.230E+00   1.140366E+01
      9.240E+00   1.142198E+01
      9.250E+00   1.144033E+01
      9.260E+00   1.145871E+01
      9.270E+00   1.147712E+01
      9.280E+00   1.149555E+01
      9.290E+00   1.151402E+01
      9.300E+00   1.153251E+01
      9.310E+00   1.155103E+01
      9.320E+00   1.156957E+01
      9.330E+00   1.158815E+01
      9.340E+00   1.160675E+01
      9.350E+00   1.162539E+01
      9.360E+00   1.164405E+01
      9.370E+00   1.166273E+01
      9.380E+00   1.168145E+01
      9.390E+00   1.170020E+01
      9.400E+00   1.171897E+01
      9.410E+00   1.173778E+01
      9.420E+00   1.175661E+01
      9.430E+00   1.177547E+01
      9.440E+00   1.179436E+01
      9.450E+00   1.181327E+01
      9.460E+00   1.183222E+01
      9.470E+00   1.185120E+01
      9.480E+00   1.187020E+01
      9.490E+00   1.188923E+01
      9.500E+00   1.190830E+01
      9.510E+00   1.192739E+01
      9.520E+00   1.194651E+01
      9.530E+00   1.196566E+01
      9.540E+00   1.198484E+01
      9.550E+00   1.200404E+01
      9.560E+00   1.202328E+01
      9.570E+00   1.204255E+01
      9.580E+00   1.206184E+01
      9.590E+00   1.208117E+01
      9.600E+00   1.210052E+01
      9.610E+00   1.211991E+01
      9.620E+00   1.213932E+01
      9.630E+00   1.215877E+01
      9.640E+00   1.217824E+01
      9.650E+00   1.219774E+01
      9.660E+00   1.221728E+01
      9.670E+00   1.223684E+01
      9.680E+00   1.225643E+01
      9.690E+00   1.227605E+01
      9.700E+00   1.229570E+01
      9.710E+00   1.231539E+01
      9.720E+00   1.233510E+01
      9.730E+00   1.235484E+01
      9.740E+00   1.237461E+01
      9.750E+00   1.239441E+01
      9.760E+00   1.241425E+01
      9.770E+00   1.243411E+01
      9.780E+00   1.245400E+01
      9.790E+00   1.247393E+01
      9.800E+00   1.249388E+01
      9.810E+00   1.251386E+01
      9.820E+00   1.253388E+01
      9.830E+00   1.255392E+01
      9.840E+00   1.257400E+01
      9.850E+00   1.259411E+01
      9.860E+00   1.261424E+01
      9.870E+00   1.263441E+01
      9.880E+00   1.265461E+01
      9.890E+00   1.267484E+01
      9.900E+00   1.269510E+01
      9.910E+00   1.271539E+01
      9.920E+00   1.273572E+01
      9.930E+00   1.275607E+01
      9.940E+00   1.277645E+01
      9.950E+00   1.279687E+01
      9.960E+00   1.281732E+01
      9.970E+00   1.283779E+01
      9.980E+00   1.285830E+01
      9.990E+00   1.287884E+01
      1.000E+01   1.289941E+01
